{"F:\\New layout\\Jake\\programming\\Coding Projects\\vaccine-exercise-2021\\Backend\\app.js": {"path":"F:\\New layout\\Jake\\programming\\Coding Projects\\vaccine-exercise-2021\\Backend\\app.js","statementMap":{"0":{"start":{"line":2,"column":15},"end":{"line":2,"column":40}},"1":{"start":{"line":3,"column":15},"end":{"line":3,"column":40}},"2":{"start":{"line":6,"column":16},"end":{"line":6,"column":34}},"3":{"start":{"line":7,"column":17},"end":{"line":7,"column":36}},"4":{"start":{"line":8,"column":15},"end":{"line":8,"column":32}},"5":{"start":{"line":9,"column":13},"end":{"line":9,"column":28}},"6":{"start":{"line":12,"column":27},"end":{"line":12,"column":64}},"7":{"start":{"line":13,"column":21},"end":{"line":13,"column":52}},"8":{"start":{"line":14,"column":19},"end":{"line":14,"column":48}},"9":{"start":{"line":17,"column":12},"end":{"line":17,"column":21}},"10":{"start":{"line":20,"column":0},"end":{"line":20,"column":50}},"11":{"start":{"line":21,"column":0},"end":{"line":31,"column":3}},"12":{"start":{"line":28,"column":14},"end":{"line":28,"column":50}},"13":{"start":{"line":30,"column":4},"end":{"line":30,"column":64}},"14":{"start":{"line":34,"column":0},"end":{"line":34,"column":15}},"15":{"start":{"line":35,"column":0},"end":{"line":35,"column":23}},"16":{"start":{"line":36,"column":0},"end":{"line":36,"column":25}},"17":{"start":{"line":39,"column":0},"end":{"line":39,"column":32}},"18":{"start":{"line":40,"column":0},"end":{"line":40,"column":48}},"19":{"start":{"line":41,"column":0},"end":{"line":41,"column":36}},"20":{"start":{"line":43,"column":0},"end":{"line":43,"column":20}}},"fnMap":{"0":{"name":"(anonymous_0)","decl":{"start":{"line":28,"column":8},"end":{"line":28,"column":9}},"loc":{"start":{"line":28,"column":14},"end":{"line":28,"column":50}},"line":28},"1":{"name":"(anonymous_1)","decl":{"start":{"line":29,"column":9},"end":{"line":29,"column":10}},"loc":{"start":{"line":30,"column":4},"end":{"line":30,"column":64}},"line":30}},"branchMap":{},"s":{"0":1,"1":1,"2":1,"3":1,"4":1,"5":1,"6":1,"7":1,"8":1,"9":1,"10":1,"11":1,"12":1,"13":0,"14":1,"15":1,"16":1,"17":1,"18":1,"19":1,"20":1},"f":{"0":1,"1":0},"b":{},"_coverageSchema":"1a1c01bbd47fc00a2c39e90264f33305004495a9","hash":"f04a7725658008a60b8bb4cc5ce4f2a8f8a40658"}
,"F:\\New layout\\Jake\\programming\\Coding Projects\\vaccine-exercise-2021\\Backend\\controllers\\data.js": {"path":"F:\\New layout\\Jake\\programming\\Coding Projects\\vaccine-exercise-2021\\Backend\\controllers\\data.js","statementMap":{"0":{"start":{"line":1,"column":19},"end":{"line":1,"column":46}},"1":{"start":{"line":2,"column":10},"end":{"line":2,"column":27}},"2":{"start":{"line":4,"column":14},"end":{"line":4,"column":40}},"3":{"start":{"line":5,"column":20},"end":{"line":5,"column":52}},"4":{"start":{"line":7,"column":0},"end":{"line":85,"column":2}},"5":{"start":{"line":8,"column":23},"end":{"line":8,"column":49}},"6":{"start":{"line":9,"column":29},"end":{"line":9,"column":44}},"7":{"start":{"line":10,"column":18},"end":{"line":10,"column":26}},"8":{"start":{"line":13,"column":20},"end":{"line":13,"column":55}},"9":{"start":{"line":15,"column":18},"end":{"line":15,"column":68}},"10":{"start":{"line":17,"column":22},"end":{"line":22,"column":3}},"11":{"start":{"line":24,"column":24},"end":{"line":24,"column":57}},"12":{"start":{"line":25,"column":18},"end":{"line":25,"column":74}},"13":{"start":{"line":26,"column":24},"end":{"line":28,"column":7}},"14":{"start":{"line":29,"column":17},"end":{"line":29,"column":71}},"15":{"start":{"line":30,"column":30},"end":{"line":34,"column":3}},"16":{"start":{"line":36,"column":21},"end":{"line":36,"column":39}},"17":{"start":{"line":37,"column":30},"end":{"line":39,"column":11}},"18":{"start":{"line":38,"column":4},"end":{"line":38,"column":61}},"19":{"start":{"line":40,"column":23},"end":{"line":40,"column":58}},"20":{"start":{"line":43,"column":30},"end":{"line":57,"column":3}},"21":{"start":{"line":44,"column":17},"end":{"line":48,"column":5}},"22":{"start":{"line":49,"column":17},"end":{"line":53,"column":5}},"23":{"start":{"line":55,"column":21},"end":{"line":55,"column":70}},"24":{"start":{"line":56,"column":4},"end":{"line":56,"column":19}},"25":{"start":{"line":59,"column":22},"end":{"line":59,"column":24}},"26":{"start":{"line":60,"column":24},"end":{"line":63,"column":4}},"27":{"start":{"line":61,"column":17},"end":{"line":61,"column":58}},"28":{"start":{"line":62,"column":4},"end":{"line":62,"column":31}},"29":{"start":{"line":64,"column":31},"end":{"line":64,"column":67}},"30":{"start":{"line":66,"column":23},"end":{"line":66,"column":25}},"31":{"start":{"line":68,"column":27},"end":{"line":71,"column":4}},"32":{"start":{"line":69,"column":17},"end":{"line":69,"column":58}},"33":{"start":{"line":70,"column":4},"end":{"line":70,"column":35}},"34":{"start":{"line":73,"column":38},"end":{"line":73,"column":77}},"35":{"start":{"line":75,"column":19},"end":{"line":82,"column":3}},"36":{"start":{"line":84,"column":2},"end":{"line":84,"column":20}},"37":{"start":{"line":87,"column":0},"end":{"line":87,"column":27}}},"fnMap":{"0":{"name":"(anonymous_0)","decl":{"start":{"line":7,"column":25},"end":{"line":7,"column":26}},"loc":{"start":{"line":7,"column":45},"end":{"line":85,"column":1}},"line":7},"1":{"name":"(anonymous_1)","decl":{"start":{"line":37,"column":49},"end":{"line":37,"column":50}},"loc":{"start":{"line":37,"column":58},"end":{"line":39,"column":3}},"line":37},"2":{"name":"(anonymous_2)","decl":{"start":{"line":43,"column":30},"end":{"line":43,"column":31}},"loc":{"start":{"line":43,"column":48},"end":{"line":57,"column":3}},"line":43},"3":{"name":"(anonymous_3)","decl":{"start":{"line":60,"column":43},"end":{"line":60,"column":44}},"loc":{"start":{"line":60,"column":52},"end":{"line":63,"column":3}},"line":60},"4":{"name":"(anonymous_4)","decl":{"start":{"line":68,"column":46},"end":{"line":68,"column":47}},"loc":{"start":{"line":68,"column":55},"end":{"line":71,"column":3}},"line":68}},"branchMap":{"0":{"loc":{"start":{"line":25,"column":18},"end":{"line":25,"column":74}},"type":"cond-expr","locations":[{"start":{"line":25,"column":42},"end":{"line":25,"column":70}},{"start":{"line":25,"column":73},"end":{"line":25,"column":74}}],"line":25},"1":{"loc":{"start":{"line":26,"column":24},"end":{"line":28,"column":7}},"type":"cond-expr","locations":[{"start":{"line":27,"column":6},"end":{"line":27,"column":40}},{"start":{"line":28,"column":6},"end":{"line":28,"column":7}}],"line":26},"2":{"loc":{"start":{"line":29,"column":17},"end":{"line":29,"column":71}},"type":"cond-expr","locations":[{"start":{"line":29,"column":40},"end":{"line":29,"column":67}},{"start":{"line":29,"column":70},"end":{"line":29,"column":71}}],"line":29},"3":{"loc":{"start":{"line":38,"column":11},"end":{"line":38,"column":61}},"type":"binary-expr","locations":[{"start":{"line":38,"column":11},"end":{"line":38,"column":35}},{"start":{"line":38,"column":39},"end":{"line":38,"column":61}}],"line":38},"4":{"loc":{"start":{"line":70,"column":11},"end":{"line":70,"column":35}},"type":"binary-expr","locations":[{"start":{"line":70,"column":11},"end":{"line":70,"column":21}},{"start":{"line":70,"column":25},"end":{"line":70,"column":35}}],"line":70}},"s":{"0":1,"1":1,"2":1,"3":1,"4":1,"5":4,"6":4,"7":4,"8":4,"9":4,"10":4,"11":4,"12":4,"13":4,"14":4,"15":4,"16":4,"17":4,"18":13899,"19":4,"20":4,"21":27798,"22":27798,"23":27798,"24":27798,"25":4,"26":4,"27":13899,"28":13899,"29":4,"30":4,"31":4,"32":13899,"33":13899,"34":4,"35":4,"36":4,"37":1},"f":{"0":4,"1":13899,"2":27798,"3":13899,"4":13899},"b":{"0":[3,1],"1":[3,1],"2":[3,1],"3":[13899,61],"4":[13899,12913]},"_coverageSchema":"1a1c01bbd47fc00a2c39e90264f33305004495a9","hash":"7a919c6cbfa337b8c937d02e2fac9dedfa059ddc"}
,"F:\\New layout\\Jake\\programming\\Coding Projects\\vaccine-exercise-2021\\Backend\\controllers\\orders.js": {"path":"F:\\New layout\\Jake\\programming\\Coding Projects\\vaccine-exercise-2021\\Backend\\controllers\\orders.js","statementMap":{"0":{"start":{"line":1,"column":21},"end":{"line":1,"column":48}},"1":{"start":{"line":2,"column":34},"end":{"line":2,"column":72}},"2":{"start":{"line":5,"column":19},"end":{"line":5,"column":41}},"3":{"start":{"line":8,"column":14},"end":{"line":8,"column":40}},"4":{"start":{"line":10,"column":0},"end":{"line":13,"column":2}},"5":{"start":{"line":11,"column":17},"end":{"line":11,"column":46}},"6":{"start":{"line":12,"column":2},"end":{"line":12,"column":18}},"7":{"start":{"line":16,"column":0},"end":{"line":49,"column":2}},"8":{"start":{"line":18,"column":16},"end":{"line":18,"column":32}},"9":{"start":{"line":19,"column":20},"end":{"line":19,"column":39}},"10":{"start":{"line":21,"column":14},"end":{"line":21,"column":16}},"11":{"start":{"line":23,"column":2},"end":{"line":48,"column":3}},"12":{"start":{"line":24,"column":4},"end":{"line":45,"column":5}},"13":{"start":{"line":28,"column":27},"end":{"line":28,"column":43}},"14":{"start":{"line":30,"column":22},"end":{"line":30,"column":41}},"15":{"start":{"line":32,"column":8},"end":{"line":32,"column":25}},"16":{"start":{"line":35,"column":8},"end":{"line":35,"column":26}},"17":{"start":{"line":35,"column":17},"end":{"line":35,"column":26}},"18":{"start":{"line":36,"column":8},"end":{"line":36,"column":33}},"19":{"start":{"line":38,"column":8},"end":{"line":43,"column":9}},"20":{"start":{"line":39,"column":30},"end":{"line":39,"column":59}},"21":{"start":{"line":40,"column":10},"end":{"line":40,"column":58}},"22":{"start":{"line":42,"column":10},"end":{"line":42,"column":26}},"23":{"start":{"line":47,"column":4},"end":{"line":47,"column":45}},"24":{"start":{"line":52,"column":0},"end":{"line":54,"column":2}},"25":{"start":{"line":53,"column":2},"end":{"line":53,"column":41}},"26":{"start":{"line":56,"column":0},"end":{"line":56,"column":29}}},"fnMap":{"0":{"name":"(anonymous_0)","decl":{"start":{"line":10,"column":22},"end":{"line":10,"column":23}},"loc":{"start":{"line":10,"column":42},"end":{"line":13,"column":1}},"line":10},"1":{"name":"(anonymous_1)","decl":{"start":{"line":16,"column":37},"end":{"line":16,"column":38}},"loc":{"start":{"line":16,"column":57},"end":{"line":49,"column":1}},"line":16},"2":{"name":"(anonymous_2)","decl":{"start":{"line":26,"column":6},"end":{"line":26,"column":7}},"loc":{"start":{"line":26,"column":16},"end":{"line":33,"column":7}},"line":26},"3":{"name":"(anonymous_3)","decl":{"start":{"line":34,"column":6},"end":{"line":34,"column":7}},"loc":{"start":{"line":34,"column":21},"end":{"line":44,"column":7}},"line":34},"4":{"name":"(anonymous_4)","decl":{"start":{"line":52,"column":26},"end":{"line":52,"column":27}},"loc":{"start":{"line":52,"column":41},"end":{"line":54,"column":1}},"line":52}},"branchMap":{"0":{"loc":{"start":{"line":23,"column":2},"end":{"line":48,"column":3}},"type":"if","locations":[{"start":{"line":23,"column":2},"end":{"line":48,"column":3}},{"start":{"line":23,"column":2},"end":{"line":48,"column":3}}],"line":23},"1":{"loc":{"start":{"line":35,"column":8},"end":{"line":35,"column":26}},"type":"if","locations":[{"start":{"line":35,"column":8},"end":{"line":35,"column":26}},{"start":{"line":35,"column":8},"end":{"line":35,"column":26}}],"line":35}},"s":{"0":1,"1":1,"2":1,"3":1,"4":1,"5":0,"6":0,"7":1,"8":3,"9":3,"10":3,"11":3,"12":3,"13":5000,"14":5000,"15":5000,"16":3,"17":0,"18":3,"19":3,"20":3,"21":3,"22":0,"23":0,"24":1,"25":0,"26":1},"f":{"0":0,"1":3,"2":5000,"3":3,"4":0},"b":{"0":[3,0],"1":[0,3]},"_coverageSchema":"1a1c01bbd47fc00a2c39e90264f33305004495a9","hash":"0e3aeb4061d75007cce9fc420cf58aeac36c8bd8"}
,"F:\\New layout\\Jake\\programming\\Coding Projects\\vaccine-exercise-2021\\Backend\\controllers\\vaccinations.js": {"path":"F:\\New layout\\Jake\\programming\\Coding Projects\\vaccine-exercise-2021\\Backend\\controllers\\vaccinations.js","statementMap":{"0":{"start":{"line":1,"column":27},"end":{"line":1,"column":54}},"1":{"start":{"line":2,"column":19},"end":{"line":2,"column":41}},"2":{"start":{"line":3,"column":13},"end":{"line":3,"column":28}},"3":{"start":{"line":4,"column":20},"end":{"line":4,"column":52}},"4":{"start":{"line":5,"column":26},"end":{"line":5,"column":64}},"5":{"start":{"line":7,"column":0},"end":{"line":16,"column":2}},"6":{"start":{"line":8,"column":23},"end":{"line":14,"column":6}},"7":{"start":{"line":15,"column":2},"end":{"line":15,"column":24}},"8":{"start":{"line":19,"column":18},"end":{"line":19,"column":75}},"9":{"start":{"line":20,"column":0},"end":{"line":44,"column":2}},"10":{"start":{"line":21,"column":14},"end":{"line":21,"column":16}},"11":{"start":{"line":23,"column":2},"end":{"line":43,"column":3}},"12":{"start":{"line":26,"column":25},"end":{"line":26,"column":41}},"13":{"start":{"line":28,"column":26},"end":{"line":28,"column":51}},"14":{"start":{"line":30,"column":6},"end":{"line":30,"column":29}},"15":{"start":{"line":33,"column":6},"end":{"line":33,"column":22}},"16":{"start":{"line":34,"column":6},"end":{"line":34,"column":31}},"17":{"start":{"line":36,"column":6},"end":{"line":41,"column":7}},"18":{"start":{"line":37,"column":34},"end":{"line":37,"column":69}},"19":{"start":{"line":38,"column":8},"end":{"line":38,"column":62}},"20":{"start":{"line":40,"column":8},"end":{"line":40,"column":24}},"21":{"start":{"line":46,"column":0},"end":{"line":46,"column":35}}},"fnMap":{"0":{"name":"(anonymous_0)","decl":{"start":{"line":7,"column":28},"end":{"line":7,"column":29}},"loc":{"start":{"line":7,"column":48},"end":{"line":16,"column":1}},"line":7},"1":{"name":"(anonymous_1)","decl":{"start":{"line":20,"column":36},"end":{"line":20,"column":37}},"loc":{"start":{"line":20,"column":56},"end":{"line":44,"column":1}},"line":20},"2":{"name":"(anonymous_2)","decl":{"start":{"line":25,"column":4},"end":{"line":25,"column":5}},"loc":{"start":{"line":25,"column":14},"end":{"line":31,"column":5}},"line":25},"3":{"name":"(anonymous_3)","decl":{"start":{"line":32,"column":4},"end":{"line":32,"column":5}},"loc":{"start":{"line":32,"column":19},"end":{"line":42,"column":5}},"line":32}},"branchMap":{},"s":{"0":1,"1":1,"2":1,"3":1,"4":1,"5":1,"6":0,"7":0,"8":1,"9":1,"10":1,"11":1,"12":7000,"13":7000,"14":7000,"15":1,"16":1,"17":1,"18":1,"19":1,"20":0,"21":1},"f":{"0":0,"1":1,"2":7000,"3":1},"b":{},"_coverageSchema":"1a1c01bbd47fc00a2c39e90264f33305004495a9","hash":"b0ed32269d46d75c15d3aee4db26569adfa7f8a8"}
,"F:\\New layout\\Jake\\programming\\Coding Projects\\vaccine-exercise-2021\\Backend\\models\\order.js": {"path":"F:\\New layout\\Jake\\programming\\Coding Projects\\vaccine-exercise-2021\\Backend\\models\\order.js","statementMap":{"0":{"start":{"line":1,"column":17},"end":{"line":1,"column":36}},"1":{"start":{"line":3,"column":20},"end":{"line":20,"column":1}},"2":{"start":{"line":22,"column":0},"end":{"line":27,"column":2}},"3":{"start":{"line":29,"column":0},"end":{"line":36,"column":2}},"4":{"start":{"line":32,"column":4},"end":{"line":32,"column":42}},"5":{"start":{"line":33,"column":4},"end":{"line":33,"column":29}},"6":{"start":{"line":34,"column":4},"end":{"line":34,"column":29}},"7":{"start":{"line":38,"column":0},"end":{"line":38,"column":53}}},"fnMap":{"0":{"name":"(anonymous_0)","decl":{"start":{"line":31,"column":13},"end":{"line":31,"column":14}},"loc":{"start":{"line":31,"column":44},"end":{"line":35,"column":3}},"line":31}},"branchMap":{},"s":{"0":1,"1":1,"2":1,"3":1,"4":0,"5":0,"6":0,"7":1},"f":{"0":0},"b":{},"_coverageSchema":"1a1c01bbd47fc00a2c39e90264f33305004495a9","hash":"9878d4f919e558d608e05f3d02c462da56ab60ae"}
,"F:\\New layout\\Jake\\programming\\Coding Projects\\vaccine-exercise-2021\\Backend\\models\\vaccination.js": {"path":"F:\\New layout\\Jake\\programming\\Coding Projects\\vaccine-exercise-2021\\Backend\\models\\vaccination.js","statementMap":{"0":{"start":{"line":1,"column":17},"end":{"line":1,"column":36}},"1":{"start":{"line":3,"column":26},"end":{"line":17,"column":1}},"2":{"start":{"line":19,"column":0},"end":{"line":25,"column":2}},"3":{"start":{"line":21,"column":4},"end":{"line":21,"column":42}},"4":{"start":{"line":22,"column":4},"end":{"line":22,"column":29}},"5":{"start":{"line":23,"column":4},"end":{"line":23,"column":29}},"6":{"start":{"line":27,"column":0},"end":{"line":27,"column":65}}},"fnMap":{"0":{"name":"(anonymous_0)","decl":{"start":{"line":20,"column":13},"end":{"line":20,"column":14}},"loc":{"start":{"line":20,"column":44},"end":{"line":24,"column":3}},"line":20}},"branchMap":{},"s":{"0":1,"1":1,"2":1,"3":0,"4":0,"5":0,"6":1},"f":{"0":0},"b":{},"_coverageSchema":"1a1c01bbd47fc00a2c39e90264f33305004495a9","hash":"dac10024575c026cb2bb1e9e4c8c8fb43046a77f"}
,"F:\\New layout\\Jake\\programming\\Coding Projects\\vaccine-exercise-2021\\Backend\\tests\\db-handler.js": {"path":"F:\\New layout\\Jake\\programming\\Coding Projects\\vaccine-exercise-2021\\Backend\\tests\\db-handler.js","statementMap":{"0":{"start":{"line":1,"column":17},"end":{"line":1,"column":36}},"1":{"start":{"line":2,"column":30},"end":{"line":2,"column":62}},"2":{"start":{"line":9,"column":0},"end":{"line":28,"column":1}},"3":{"start":{"line":10,"column":2},"end":{"line":10,"column":29}},"4":{"start":{"line":12,"column":2},"end":{"line":12,"column":48}},"5":{"start":{"line":13,"column":19},"end":{"line":13,"column":45}},"6":{"start":{"line":15,"column":15},"end":{"line":20,"column":3}},"7":{"start":{"line":21,"column":2},"end":{"line":25,"column":4}},"8":{"start":{"line":22,"column":4},"end":{"line":24,"column":5}},"9":{"start":{"line":23,"column":6},"end":{"line":23,"column":24}},"10":{"start":{"line":27,"column":2},"end":{"line":27,"column":40}},"11":{"start":{"line":33,"column":0},"end":{"line":37,"column":1}},"12":{"start":{"line":34,"column":2},"end":{"line":34,"column":29}},"13":{"start":{"line":35,"column":2},"end":{"line":35,"column":26}},"14":{"start":{"line":36,"column":2},"end":{"line":36,"column":45}}},"fnMap":{"0":{"name":"(anonymous_0)","decl":{"start":{"line":9,"column":25},"end":{"line":9,"column":26}},"loc":{"start":{"line":9,"column":37},"end":{"line":28,"column":1}},"line":9},"1":{"name":"(anonymous_1)","decl":{"start":{"line":21,"column":41},"end":{"line":21,"column":42}},"loc":{"start":{"line":21,"column":50},"end":{"line":25,"column":3}},"line":21},"2":{"name":"(anonymous_2)","decl":{"start":{"line":33,"column":31},"end":{"line":33,"column":32}},"loc":{"start":{"line":33,"column":43},"end":{"line":37,"column":1}},"line":33}},"branchMap":{"0":{"loc":{"start":{"line":22,"column":4},"end":{"line":24,"column":5}},"type":"if","locations":[{"start":{"line":22,"column":4},"end":{"line":24,"column":5}},{"start":{"line":22,"column":4},"end":{"line":24,"column":5}}],"line":22}},"s":{"0":1,"1":1,"2":1,"3":1,"4":1,"5":1,"6":1,"7":1,"8":1,"9":0,"10":1,"11":1,"12":1,"13":1,"14":1},"f":{"0":1,"1":1,"2":1},"b":{"0":[0,1]},"_coverageSchema":"1a1c01bbd47fc00a2c39e90264f33305004495a9","hash":"51a64f5a0b6705e2b3890bfc7bc6e2c55feec9dd"}
,"F:\\New layout\\Jake\\programming\\Coding Projects\\vaccine-exercise-2021\\Backend\\utils\\config.js": {"path":"F:\\New layout\\Jake\\programming\\Coding Projects\\vaccine-exercise-2021\\Backend\\utils\\config.js","statementMap":{"0":{"start":{"line":1,"column":0},"end":{"line":1,"column":26}},"1":{"start":{"line":3,"column":13},"end":{"line":3,"column":29}},"2":{"start":{"line":4,"column":20},"end":{"line":4,"column":43}},"3":{"start":{"line":6,"column":0},"end":{"line":9,"column":1}}},"fnMap":{},"branchMap":{},"s":{"0":1,"1":1,"2":1,"3":1},"f":{},"b":{},"_coverageSchema":"1a1c01bbd47fc00a2c39e90264f33305004495a9","hash":"61886948d53132468e11f35b8d6d9f261ac56133"}
,"F:\\New layout\\Jake\\programming\\Coding Projects\\vaccine-exercise-2021\\Backend\\utils\\controller-helpers.js": {"path":"F:\\New layout\\Jake\\programming\\Coding Projects\\vaccine-exercise-2021\\Backend\\utils\\controller-helpers.js","statementMap":{"0":{"start":{"line":1,"column":13},"end":{"line":1,"column":28}},"1":{"start":{"line":2,"column":14},"end":{"line":2,"column":40}},"2":{"start":{"line":3,"column":20},"end":{"line":3,"column":52}},"3":{"start":{"line":5,"column":21},"end":{"line":16,"column":1}},"4":{"start":{"line":6,"column":2},"end":{"line":15,"column":3}},"5":{"start":{"line":8,"column":6},"end":{"line":8,"column":65}},"6":{"start":{"line":10,"column":6},"end":{"line":10,"column":71}},"7":{"start":{"line":12,"column":6},"end":{"line":12,"column":64}},"8":{"start":{"line":14,"column":6},"end":{"line":14,"column":17}},"9":{"start":{"line":18,"column":16},"end":{"line":29,"column":1}},"10":{"start":{"line":19,"column":16},"end":{"line":27,"column":4}},"11":{"start":{"line":28,"column":2},"end":{"line":28,"column":14}},"12":{"start":{"line":31,"column":22},"end":{"line":40,"column":1}},"13":{"start":{"line":32,"column":22},"end":{"line":37,"column":4}},"14":{"start":{"line":39,"column":2},"end":{"line":39,"column":20}},"15":{"start":{"line":42,"column":0},"end":{"line":46,"column":1}}},"fnMap":{"0":{"name":"(anonymous_0)","decl":{"start":{"line":5,"column":21},"end":{"line":5,"column":22}},"loc":{"start":{"line":5,"column":32},"end":{"line":16,"column":1}},"line":5},"1":{"name":"(anonymous_1)","decl":{"start":{"line":18,"column":16},"end":{"line":18,"column":17}},"loc":{"start":{"line":18,"column":32},"end":{"line":29,"column":1}},"line":18},"2":{"name":"(anonymous_2)","decl":{"start":{"line":31,"column":22},"end":{"line":31,"column":23}},"loc":{"start":{"line":31,"column":38},"end":{"line":40,"column":1}},"line":31}},"branchMap":{"0":{"loc":{"start":{"line":6,"column":2},"end":{"line":15,"column":3}},"type":"switch","locations":[{"start":{"line":7,"column":4},"end":{"line":8,"column":65}},{"start":{"line":9,"column":4},"end":{"line":10,"column":71}},{"start":{"line":11,"column":4},"end":{"line":12,"column":64}},{"start":{"line":13,"column":4},"end":{"line":14,"column":17}}],"line":6}},"s":{"0":1,"1":1,"2":1,"3":1,"4":3,"5":1,"6":1,"7":1,"8":0,"9":1,"10":5000,"11":5000,"12":1,"13":7000,"14":7000,"15":1},"f":{"0":3,"1":5000,"2":7000},"b":{"0":[1,1,1,0]},"_coverageSchema":"1a1c01bbd47fc00a2c39e90264f33305004495a9","hash":"18c9a372a3722a249908e10f4114554f8aa9cb81"}
,"F:\\New layout\\Jake\\programming\\Coding Projects\\vaccine-exercise-2021\\Backend\\utils\\logger.js": {"path":"F:\\New layout\\Jake\\programming\\Coding Projects\\vaccine-exercise-2021\\Backend\\utils\\logger.js","statementMap":{"0":{"start":{"line":1,"column":13},"end":{"line":3,"column":1}},"1":{"start":{"line":2,"column":2},"end":{"line":2,"column":24}},"2":{"start":{"line":5,"column":14},"end":{"line":7,"column":1}},"3":{"start":{"line":6,"column":2},"end":{"line":6,"column":26}},"4":{"start":{"line":9,"column":0},"end":{"line":12,"column":1}}},"fnMap":{"0":{"name":"(anonymous_0)","decl":{"start":{"line":1,"column":13},"end":{"line":1,"column":14}},"loc":{"start":{"line":1,"column":28},"end":{"line":3,"column":1}},"line":1},"1":{"name":"(anonymous_1)","decl":{"start":{"line":5,"column":14},"end":{"line":5,"column":15}},"loc":{"start":{"line":5,"column":29},"end":{"line":7,"column":1}},"line":5}},"branchMap":{},"s":{"0":1,"1":2,"2":1,"3":0,"4":1},"f":{"0":2,"1":0},"b":{},"_coverageSchema":"1a1c01bbd47fc00a2c39e90264f33305004495a9","hash":"6b4e0819045f1f99f0b69eaddd9cd640d832f7b6"}
}
