TN:
SF:app.js
FN:28,(anonymous_0)
FN:29,(anonymous_1)
FNF:2
FNH:1
FNDA:1,(anonymous_0)
FNDA:0,(anonymous_1)
DA:2,1
DA:3,1
DA:6,1
DA:7,1
DA:8,1
DA:9,1
DA:12,1
DA:13,1
DA:14,1
DA:17,1
DA:20,1
DA:21,1
DA:28,1
DA:30,0
DA:34,1
DA:35,1
DA:36,1
DA:39,1
DA:40,1
DA:41,1
DA:43,1
LF:21
LH:20
BRF:0
BRH:0
end_of_record
TN:
SF:controllers\data.js
FN:7,(anonymous_0)
FN:37,(anonymous_1)
FN:43,(anonymous_2)
FN:60,(anonymous_3)
FN:68,(anonymous_4)
FNF:5
FNH:5
FNDA:4,(anonymous_0)
FNDA:13899,(anonymous_1)
FNDA:27798,(anonymous_2)
FNDA:13899,(anonymous_3)
FNDA:13899,(anonymous_4)
DA:1,1
DA:2,1
DA:4,1
DA:5,1
DA:7,1
DA:8,4
DA:9,4
DA:10,4
DA:13,4
DA:15,4
DA:17,4
DA:24,4
DA:25,4
DA:26,4
DA:29,4
DA:30,4
DA:36,4
DA:37,4
DA:38,13899
DA:40,4
DA:43,4
DA:44,27798
DA:49,27798
DA:55,27798
DA:56,27798
DA:59,4
DA:60,4
DA:61,13899
DA:62,13899
DA:64,4
DA:66,4
DA:68,4
DA:69,13899
DA:70,13899
DA:73,4
DA:75,4
DA:84,4
DA:87,1
LF:38
LH:38
BRDA:25,0,0,3
BRDA:25,0,1,1
BRDA:26,1,0,3
BRDA:26,1,1,1
BRDA:29,2,0,3
BRDA:29,2,1,1
BRDA:38,3,0,13899
BRDA:38,3,1,61
BRDA:70,4,0,13899
BRDA:70,4,1,12913
BRF:10
BRH:10
end_of_record
TN:
SF:controllers\orders.js
FN:10,(anonymous_0)
FN:16,(anonymous_1)
FN:26,(anonymous_2)
FN:34,(anonymous_3)
FN:52,(anonymous_4)
FNF:5
FNH:3
FNDA:0,(anonymous_0)
FNDA:3,(anonymous_1)
FNDA:5000,(anonymous_2)
FNDA:3,(anonymous_3)
FNDA:0,(anonymous_4)
DA:1,1
DA:2,1
DA:5,1
DA:8,1
DA:10,1
DA:11,0
DA:12,0
DA:16,1
DA:18,3
DA:19,3
DA:21,3
DA:23,3
DA:24,3
DA:28,5000
DA:30,5000
DA:32,5000
DA:35,3
DA:36,3
DA:38,3
DA:39,3
DA:40,3
DA:42,0
DA:47,0
DA:52,1
DA:53,0
DA:56,1
LF:26
LH:21
BRDA:23,0,0,3
BRDA:23,0,1,0
BRDA:35,1,0,0
BRDA:35,1,1,3
BRF:4
BRH:2
end_of_record
TN:
SF:controllers\vaccinations.js
FN:7,(anonymous_0)
FN:20,(anonymous_1)
FN:25,(anonymous_2)
FN:32,(anonymous_3)
FNF:4
FNH:3
FNDA:0,(anonymous_0)
FNDA:1,(anonymous_1)
FNDA:7000,(anonymous_2)
FNDA:1,(anonymous_3)
DA:1,1
DA:2,1
DA:3,1
DA:4,1
DA:5,1
DA:7,1
DA:8,0
DA:15,0
DA:19,1
DA:20,1
DA:21,1
DA:23,1
DA:26,7000
DA:28,7000
DA:30,7000
DA:33,1
DA:34,1
DA:36,1
DA:37,1
DA:38,1
DA:40,0
DA:46,1
LF:22
LH:19
BRF:0
BRH:0
end_of_record
TN:
SF:models\order.js
FN:31,(anonymous_0)
FNF:1
FNH:0
FNDA:0,(anonymous_0)
DA:1,1
DA:3,1
DA:22,1
DA:29,1
DA:32,0
DA:33,0
DA:34,0
DA:38,1
LF:8
LH:5
BRF:0
BRH:0
end_of_record
TN:
SF:models\vaccination.js
FN:20,(anonymous_0)
FNF:1
FNH:0
FNDA:0,(anonymous_0)
DA:1,1
DA:3,1
DA:19,1
DA:21,0
DA:22,0
DA:23,0
DA:27,1
LF:7
LH:4
BRF:0
BRH:0
end_of_record
TN:
SF:tests\db-handler.js
FN:9,(anonymous_0)
FN:21,(anonymous_1)
FN:33,(anonymous_2)
FNF:3
FNH:3
FNDA:1,(anonymous_0)
FNDA:1,(anonymous_1)
FNDA:1,(anonymous_2)
DA:1,1
DA:2,1
DA:9,1
DA:10,1
DA:12,1
DA:13,1
DA:15,1
DA:21,1
DA:22,1
DA:23,0
DA:27,1
DA:33,1
DA:34,1
DA:35,1
DA:36,1
LF:15
LH:14
BRDA:22,0,0,0
BRDA:22,0,1,1
BRF:2
BRH:1
end_of_record
TN:
SF:utils\config.js
FNF:0
FNH:0
DA:1,1
DA:3,1
DA:4,1
DA:6,1
LF:4
LH:4
BRF:0
BRH:0
end_of_record
TN:
SF:utils\controller-helpers.js
FN:5,(anonymous_0)
FN:18,(anonymous_1)
FN:31,(anonymous_2)
FNF:3
FNH:3
FNDA:3,(anonymous_0)
FNDA:5000,(anonymous_1)
FNDA:7000,(anonymous_2)
DA:1,1
DA:2,1
DA:3,1
DA:5,1
DA:6,3
DA:8,1
DA:10,1
DA:12,1
DA:14,0
DA:18,1
DA:19,5000
DA:28,5000
DA:31,1
DA:32,7000
DA:39,7000
DA:42,1
LF:16
LH:15
BRDA:6,0,0,1
BRDA:6,0,1,1
BRDA:6,0,2,1
BRDA:6,0,3,0
BRF:4
BRH:3
end_of_record
TN:
SF:utils\logger.js
FN:1,(anonymous_0)
FN:5,(anonymous_1)
FNF:2
FNH:1
FNDA:2,(anonymous_0)
FNDA:0,(anonymous_1)
DA:1,1
DA:2,2
DA:5,1
DA:6,0
DA:9,1
LF:5
LH:4
BRF:0
BRH:0
end_of_record
